[gymfittemplate-showcase.sewatech.io/index.html]
[backblue.gif]
[fade.gif]
[index.html]
[assets.website-files.com/621d8b0423efcfa5ba281fb6/css/gymfittemplate-showcase.sewatech.d13b28e5b.css]
[ajax.googleapis.com/ajax/libs/webfont/1.6.26/webfont.js]
[assets.website-files.com/621d8b0423efcfa5ba281fb6/621d8b0423efcfd501282062_favicon-gym-x-template.svg]
[assets.website-files.com/621d8b0423efcfa5ba281fb6/621d8b0423efcf483c282063_webclip-gym-x-template.svg]
[assets.website-files.com/621d8b0423efcfa5ba281fb6/621d8b0423efcf26d6282089_logo-gymfit-x-template.svg]
[gymfittemplate-showcase.sewatech.io/about.html]
[gymfittemplate-showcase.sewatech.io/classes.html]
[gymfittemplate-showcase.sewatech.io/shop.html]
[gymfittemplate-showcase.sewatech.io/class/high-intensity-training.html]
[gymfittemplate-showcase.sewatech.io/blog.html]
[gymfittemplate-showcase.sewatech.io/blog/the-beginners-guide-to-weight-lifting.html]
[gymfittemplate-showcase.sewatech.io/product/15lb-weights.html]
[gymfittemplate-showcase.sewatech.io/pricing.html]
[gymfittemplate-showcase.sewatech.io/trainers.html]
[gymfittemplate-showcase.sewatech.io/trainer/john-carter.html]
[gymfittemplate-showcase.sewatech.io/contact.html]
[gymfittemplate-showcase.sewatech.io/utility-pages/style-guide.html]
[gymfittemplate-showcase.sewatech.io/utility-pages/start-here.html]
[gymfittemplate-showcase.sewatech.io/404.html]
[gymfittemplate-showcase.sewatech.io/401.html]
[gymfittemplate-showcase.sewatech.io/utility-pages/licenses.html]
[gymfittemplate-showcase.sewatech.io/utility-pages/changelog.html]
[gymfittemplate-showcase.sewatech.io/checkout.html]
[assets.website-files.com/621d8b0423efcfa5ba281fb6/621d8b0423efcfa43d282004_image-home-hero-gym-x-template.jpg]
[assets.website-files.com/621d8b0423efcfa5ba281fb6/621d8b0423efcffa38282019_bg-1-big-text-gym-x-template.svg]
[assets.website-files.com/621d8b0423efcfa5ba281fb6/621d8b0423efcf888328200a_image-1-home-community-gym-x-template.jpg]
[assets.website-files.com/621d8b0423efcfa5ba281fb6/621d8b0423efcf07a8282005_image-2-home-community-gym-x-template.jpg]
[assets.website-files.com/621d8b0423efcfa5ba281fb6/621d8b0423efcfb018282018_bg-2-big-text-gym-x-template.svg]
[assets.website-files.com/621d8b0423efcf4d91281fd4/621d8b0423efcf39232820d7_image-4-classes-gym-x-template.jpg]
[gymfittemplate-showcase.sewatech.io/class/weight-lifting.html]
[assets.website-files.com/621d8b0423efcf4d91281fd4/621d8b0423efcf7b182820d6_image-3-classes-gym-x-template.jpg]
[gymfittemplate-showcase.sewatech.io/class/crossfit.html]
[assets.website-files.com/621d8b0423efcf4d91281fd4/621d8b0423efcf06a62820d5_image-1-classes-gym-x-template.jpg]
[gymfittemplate-showcase.sewatech.io/class/cardio.html]
[assets.website-files.com/621d8b0423efcf4d91281fd4/621d8b0423efcf60772820d4_image-2-classes-gym-x-template.jpg]
[assets.website-files.com/621d8b0423efcfa5ba281fb6/621d8b0423efcf3b1928200b_image-cta-gym-x-template.jpg]
[assets.website-files.com/621d8b0423efcfa5ba281fb6/621d8b0423efcf4613282016_bg-3-big-text-gym-x-template.svg]
[assets.website-files.com/621d8b0423efcf4d91281fd4/621d8b0423efcf508e2820cc_image-6-trainers-gym-x-template.jpg]
[gymfittemplate-showcase.sewatech.io/trainer/sophie-moore.html]
[assets.website-files.com/621d8b0423efcf4d91281fd4/621d8b0423efcf725d2820cb_image-5-trainers-gym-x-template.jpg]
[gymfittemplate-showcase.sewatech.io/trainer/dan-clark.html]
[assets.website-files.com/621d8b0423efcf4d91281fd4/621d8b0423efcfb1162820ca_image-4-trainers-gym-x-template.jpg]
[assets.website-files.com/621d8b0423efcfa5ba281fb6/621d8b0423efcffe1828201e_bg-4-big-text-gym-x-template.svg]
[gymfittemplate-showcase.sewatech.io/blog/5-tips-to-build-a-daily-movement-routine.html]
[assets.website-files.com/621d8b0423efcf4d91281fd4/621d8b0423efcf59e32820d3_image-6-blog-gym-x-template.jpg]
[assets.website-files.com/621d8b0423efcf4d91281fd4/621d8b0423efcf5c832820d2_image-5-blog-gym-x-template.jpg]
[gymfittemplate-showcase.sewatech.io/blog/why-breathwork-matters-in-your-workout.html]
[assets.website-files.com/621d8b0423efcf4d91281fd4/621d8b0423efcfa4222820d1_image-4-blog-gym-x-template.jpg]
[assets.website-files.com/621d8b0423efcfa5ba281fb6/621d8b0423efcfb34c28200c_image-1-instagram-gym-x-template.jpg]
[assets.website-files.com/621d8b0423efcfa5ba281fb6/621d8b0423efcf2c3728200e_image-2-instagram-gym-x-template.jpg]
[assets.website-files.com/621d8b0423efcfa5ba281fb6/621d8b0423efcf5aa128200f_image-3-instagram-gym-x-template.jpg]
[assets.website-files.com/621d8b0423efcfa5ba281fb6/621d8b0423efcf5e3d282014_image-4-instagram-gym-x-template.jpg]
[assets.website-files.com/621d8b0423efcfa5ba281fb6/621d8b0423efcfcbdb282011_image-5-instagram-gym-x-template.jpg]
[assets.website-files.com/621d8b0423efcfa5ba281fb6/621d8b0423efcf507d282013_image-6-instagram-gym-x-template.jpg]
[assets.website-files.com/621d8b0423efcfa5ba281fb6/621d8b0423efcf768f282012_image-7-instagram-gym-x-template.jpg]
[assets.website-files.com/621d8b0423efcfa5ba281fb6/621d8b0423efcf214128200d_image-8-instagram-gym-x-template.jpg]
[assets.website-files.com/621d8b0423efcfa5ba281fb6/621d8b0423efcf0e61282010_image-9-instagram-gym-x-template.jpg]
[assets.website-files.com/621d8b0423efcfa5ba281fb6/621d8b0423efcff959282017_bg-5-big-text-gym-x-template.svg]
[d3e54v103j8qbb.cloudfront.net/js/jquery-3.5.1.min.dc5e7f18c87799.js]
[gymfittemplate-showcase.sewatech.io/index.html]
[assets.website-files.com/621d8b0423efcfa5ba281fb6/js/sewatech.5470e39de.js]
[assets.website-files.com/621d8b0423efcfa5ba281fb6/621d8b0423efcf2dea28201f_icons-gym-x-template.woff2]
[assets.website-files.com/621d8b0423efcfa5ba281fb6/621d8b0423efcf6344281ffe_Montserrat-Regular.ttf]
[assets.website-files.com/621d8b0423efcfa5ba281fb6/621d8b0423efcf21f3281ffb_Montserrat-ExtraBold.ttf]
[assets.website-files.com/621d8b0423efcfa5ba281fb6/621d8b0423efcf5ef8281fff_Montserrat-SemiBold.ttf]
[assets.website-files.com/621d8b0423efcfa5ba281fb6/621d8b0423efcf860e281ffc_Montserrat-Light.ttf]
[assets.website-files.com/621d8b0423efcfa5ba281fb6/621d8b0423efcfe2c7281ffd_Montserrat-Medium.ttf]
[assets.website-files.com/621d8b0423efcfa5ba281fb6/css/gymfittemplate-showcase.sewatech.d13b28e5b.css]
[assets.website-files.com/621d8b0423efcfa5ba281fb6/621d8b0423efcfd501282062_favicon-gym-x-template.svg]
[assets.website-files.com/621d8b0423efcfa5ba281fb6/621d8b0423efcf483c282063_webclip-gym-x-template.svg]
[assets.website-files.com/621d8b0423efcfa5ba281fb6/621d8b0423efcf26d6282089_logo-gymfit-x-template.svg]
[assets.website-files.com/621d8b0423efcfa5ba281fb6/621d8b0423efcf7d77281ffa_Montserrat-Bold.ttf]
[assets.website-files.com/621d8b0423efcfa5ba281fb6/621d8b0423efcf186d282020_image-about-hero-gym-x-template.jpg]
[assets.website-files.com/621d8b0423efcfa5ba281fb6/621d8b0423efcf4523282034_bg-6-big-text-gym-x-template.svg]
[assets.website-files.com/621d8b0423efcfa5ba281fb6/621d8b0423efcfcca4282021_image-story-gym-x-template.jpg]
[assets.website-files.com/621d8b0423efcfa5ba281fb6/621d8b0423efcf1beb282033_bg-7-big-text-gym-x-template.svg]
[assets.website-files.com/621d8b0423efcfa5ba281fb6/621d8b0423efcfc01a282022_image-facilities-gym-x-template.jpg]
[assets.website-files.com/621d8b0423efcfa5ba281fb6/621d8b0423efcf6d8a282032_bg-8-big-text-gym-x-template.svg]
[assets.website-files.com/621d8b0423efcfa5ba281fb6/621d8b0423efcfbd12282024_icon-2-values-gym-x-template.svg]
[assets.website-files.com/621d8b0423efcfa5ba281fb6/621d8b0423efcf6fa3282035_bg-9-big-text-gym-x-template.svg]
[assets.website-files.com/621d8b0423efcfa5ba281fb6/621d8b0423efcfecc7282029_image-1-testimonials-gym-x-template.jpg]
[assets.website-files.com/621d8b0423efcfa5ba281fb6/621d8b0423efcfd628282027_image-2-testimonials-gym-x-template.jpg]
[assets.website-files.com/621d8b0423efcfa5ba281fb6/621d8b0423efcf92d028202a_image-3-testimonials-gym-x-template.jpg]
[assets.website-files.com/621d8b0423efcfa5ba281fb6/621d8b0423efcfb2ad282028_image-small-1-testimonials-gym-x-template.jpg]
[assets.website-files.com/621d8b0423efcfa5ba281fb6/621d8b0423efcf12ca282026_image-small-2-testimonials-gym-x-template.jpg]
[assets.website-files.com/621d8b0423efcfa5ba281fb6/621d8b0423efcfa8d6282025_image-small-3-testimonials-gym-x-template.jpg]
[assets.website-files.com/621d8b0423efcfa5ba281fb6/621d8b0423efcf59e5282036_bg-10-big-text-gym-x-template.svg]
[assets.website-files.com/621d8b0423efcfa5ba281fb6/621d8b0423efcf044428202c_image-1-locations-gym-x-template.jpg]
[assets.website-files.com/621d8b0423efcfa5ba281fb6/621d8b0423efcf848128202b_image-2-locations-gym-x-template.jpg]
[gymfittemplate-showcase.sewatech.io/about.html]
[assets.website-files.com/621d8b0423efcfa5ba281fb6/621d8b0423efcfb35c282039_image-hero-classes-gym-x-template.jpg]
[gymfittemplate-showcase.sewatech.io/classes.html]
[assets.website-files.com/621d8b0423efcfa5ba281fb6/621d8b0423efcfbe2628203f_image-hero-shop-gym-x-template.jpg]
[assets.website-files.com/621d8b0423efcf4d91281fd4/621d8b0423efcf1fe62820e6_image-6-shop-gym-x-template.jpg]
[gymfittemplate-showcase.sewatech.io/product/25lb-weights.html]
[assets.website-files.com/621d8b0423efcf4d91281fd4/621d8b0423efcf98e32820e5_image-5-shop-gym-x-template.jpg]
[gymfittemplate-showcase.sewatech.io/product/hand-grips.html]
[assets.website-files.com/621d8b0423efcf4d91281fd4/621d8b0423efcf4ec02820e4_image-4-shop-gym-x-template.jpg]
[gymfittemplate-showcase.sewatech.io/product/gym-x-shaker.html]
[assets.website-files.com/621d8b0423efcf4d91281fd4/621d8b0423efcf50c72820e3_image-3-shop-gym-x-template.jpg]
[gymfittemplate-showcase.sewatech.io/product/skip-rope.html]
[assets.website-files.com/621d8b0423efcf4d91281fd4/621d8b0423efcfb79f2820e2_image-2-shop-gym-x-template.jpg]
[gymfittemplate-showcase.sewatech.io/product/box-gloves.html]
[assets.website-files.com/621d8b0423efcf4d91281fd4/621d8b0423efcf82b82820de_image-1-shop-gym-x-template.jpg]
[gymfittemplate-showcase.sewatech.io/shop.html]
[assets.website-files.com/621d8b0423efcf4d91281fd4/621d8b0423efcf09e52820dd_image-6-small-trainers-gym-x-template.jpg]
[gymfittemplate-showcase.sewatech.io/class/high-intensity-training.html]
[gymfittemplate-showcase.sewatech.io/blog-category/crossfit.html]
[gymfittemplate-showcase.sewatech.io/blog-category/weights.html]
[gymfittemplate-showcase.sewatech.io/blog-category/box.html]
[gymfittemplate-showcase.sewatech.io/blog/using-ropes-to-increase-your-core-strenght.html]
[assets.website-files.com/621d8b0423efcf4d91281fd4/621d8b0423efcf0d4d2820d0_image-3-blog-gym-x-template.jpg]
[gymfittemplate-showcase.sewatech.io/blog/cardio-kickboxing-workout-to-burn-fat.html]
[assets.website-files.com/621d8b0423efcf4d91281fd4/621d8b0423efcf3b7c2820cf_image-2-blog-gym-x-template.jpg]
[gymfittemplate-showcase.sewatech.io/blog/6-basic-weight-lifting-training-for-starters.html]
[assets.website-files.com/621d8b0423efcf4d91281fd4/621d8b0423efcfdbee2820ce_image-1-blog-gym-x-template.jpg]
[gymfittemplate-showcase.sewatech.io/blog.html]
[gymfittemplate-showcase.sewatech.io/trainer/kathie-corl.html]
[assets.website-files.com/621d8b0423efcf4d91281fd4/621d8b0423efcf1c842820da_image-3-small-trainers-gym-x-template.jpg]
[assets.website-files.com/621d8b0423efcf4d91281fd4/621d8b0423efcf93892820cd_image-figure-post-gym-x-template.jpg]
[assets.website-files.com/621d8b0423efcf4d91281fd4/621d8b0423efcf4c082820c9_image-3-trainers-gym-x-template.jpg]
[gymfittemplate-showcase.sewatech.io/blog/the-beginners-guide-to-weight-lifting.html]
[assets.website-files.com/621d8b0423efcf4d91281fd4/621d8b0423efcfbbc12820df_image-additional-1-shop-gym-x-template.jpg]
[assets.website-files.com/621d8b0423efcf4d91281fd4/621d8b0423efcf60322820e1_image-additional-2-shop-gym-x-template.jpg]
[assets.website-files.com/621d8b0423efcf4d91281fd4/621d8b0423efcf82a72820e0_image-additional-3-shop-gym-x-template.jpg]
[gymfittemplate-showcase.sewatech.io/product/15lb-weights.html]
[assets.website-files.com/621d8b0423efcfa5ba281fb6/621d8b0423efcf858928204f_bg-15-big-text-gym-x-template.svg]
[gymfittemplate-showcase.sewatech.io/pricing.html]
[assets.website-files.com/621d8b0423efcfa5ba281fb6/621d8b0423efcf89f0282040_image-hero-trainers-gym-x-template.jpg]
[gymfittemplate-showcase.sewatech.io/trainer/aaron-white.html]
[assets.website-files.com/621d8b0423efcf4d91281fd4/621d8b0423efcf4ff02820c8_image-2-trainers-gym-x-template.jpg]
[gymfittemplate-showcase.sewatech.io/trainer/lily-woods.html]
[assets.website-files.com/621d8b0423efcf4d91281fd4/621d8b0423efcf4fd82820c7_image-1-trainers-gym-x-template.jpg]
[gymfittemplate-showcase.sewatech.io/trainers.html]
[assets.website-files.com/621d8b0423efcfa5ba281fb6/621d8b0423efcf7f83282064_bg-11-big-text-gym-x-template.svg]
[gymfittemplate-showcase.sewatech.io/trainer/john-carter.html]
[assets.website-files.com/621d8b0423efcfa5ba281fb6/621d8b0423efcf2939282065_bg-12-big-text-gym-x-template.svg]
[assets.website-files.com/621d8b0423efcfa5ba281fb6/621d8b0423efcf4e5a282066_bg-13-big-text-gym-x-template.svg]
[assets.website-files.com/621d8b0423efcfa5ba281fb6/621d8b0423efcf232d28204c_bg-14-big-text-gym-x-template.svg]
[assets.website-files.com/621d8b0423efcfa5ba281fb6/621d8b0423efcf287f282067_bg-15-big-text-gym-x-template.svg]
[assets.website-files.com/621d8b0423efcfa5ba281fb6/621d8b0423efcfc337282049_icon-2-social-media-gym-x-template.svg]
[assets.website-files.com/621d8b0423efcfa5ba281fb6/621d8b0423efcfdcf5282048_icon-3-social-media-gym-x-template.svg]
[assets.website-files.com/621d8b0423efcfa5ba281fb6/621d8b0423efcf775728204b_icon-4-social-media-gym-x-template.svg]
[assets.website-files.com/621d8b0423efcfa5ba281fb6/621d8b0423efcf085d28204a_icon-5-social-media-gym-x-template.svg]
[gymfittemplate-showcase.sewatech.io/contact.html]
[assets.website-files.com/621d8b0423efcfa5ba281fb6/621d8b0423efcfbc5b282046_icon-6-social-media-gym-x-template.svg]
[assets.website-files.com/621d8b0423efcfa5ba281fb6/621d8b0423efcf3779281ff6_colors-icon.svg]
[assets.website-files.com/621d8b0423efcfa5ba281fb6/621d8b0423efcfba16281fe1_typography-icon.svg]
[assets.website-files.com/621d8b0423efcfa5ba281fb6/621d8b0423efcf0c8a281ff7_icons-icon.svg]
[assets.website-files.com/621d8b0423efcfa5ba281fb6/621d8b0423efcf5c1c281ff9_button-icon.svg]
[assets.website-files.com/621d8b0423efcfa5ba281fb6/621d8b0423efcf0445282050_image-figure-post-gym-x-template.jpg]
[gymfittemplate-showcase.sewatech.io/utility-pages/style-guide.html]
[assets.website-files.com/621d8b0423efcfa5ba281fb6/621d8b0423efcf821e282068_gym-x-sewatech-template-and-ui-kit-color.jpg]
[assets.website-files.com/621d8b0423efcfa5ba281fb6/621d8b0423efcfb62e282069_gym-x-sewatech-template-and-ui-kit-typography.jpg]
[assets.website-files.com/621d8b0423efcfa5ba281fb6/621d8b0423efcf322c28206e_gym-x-sewatech-template-and-ui-kit-custom-typography.png]
[assets.website-files.com/621d8b0423efcfa5ba281fb6/621d8b0423efcf320028206f_gym-x-sewatech-template-and-ui-kit-icons-and-graphics.jpg]
[assets.website-files.com/621d8b0423efcfa5ba281fb6/621d8b0423efcf8416282070_gym-x-sewatech-template-and-ui-kit-static-content.jpg]
[assets.website-files.com/621d8b0423efcfa5ba281fb6/621d8b0423efcfcea2282071_gym-x-sewatech-template-and-ui-kit-CMS.jpg]
[assets.website-files.com/621d8b0423efcfa5ba281fb6/621d8b0423efcf63a6282080_gym-x-sewatech-template-and-ui-kit-CMS-Collection.jpg]
[assets.website-files.com/621d8b0423efcfa5ba281fb6/621d8b0423efcfe988282081_gym-x-sewatech-template-and-ui-kit-CMS-content.jpg]
[assets.website-files.com/621d8b0423efcfa5ba281fb6/621d8b0423efcf11ac282083_gym-x-sewatech-template-and-ui-kit-eCommerce.jpg]
[assets.website-files.com/621d8b0423efcfa5ba281fb6/621d8b0423efcf0f1728208a_gym-x-sewatech-template-and-ui-kit-eCommerce-collection.jpg]
[assets.website-files.com/621d8b0423efcfa5ba281fb6/621d8b0423efcf4c4628208b_gym-x-sewatech-template-and-ui-kit-eCommerce-Content.jpg]
[assets.website-files.com/621d8b0423efcfa5ba281fb6/621d8b0423efcf0de328208e_gym-x-sewatech-template-and-ui-kit-animations.jpg]
[assets.website-files.com/621d8b0423efcfa5ba281fb6/621d8b0423efcfde44282086_gym-x-sewatech-template-and-ui-kit-responsive-design.jpg]
[assets.website-files.com/621d8b0423efcfa5ba281fb6/621d8b0423efcf04c428208f_gym-x-sewatech-template-and-ui-kit-seo.jpg]
[assets.website-files.com/621d8b0423efcfa5ba281fb6/621d8b0423efcf60c0282087_gym-x-sewatech-template-and-ui-kit-backups.jpg]
[gymfittemplate-showcase.sewatech.io/utility-pages/start-here.html]
[gymfittemplate-showcase.sewatech.io/404.html]
[gymfittemplate-showcase.sewatech.io/401.html]
[assets.website-files.com/621d8b0423efcfa5ba281fb6/621d8b0423efcf5c8a28205c_unsplash-image-1-license-gym-x-sewatech-template.jpg]
[assets.website-files.com/621d8b0423efcfa5ba281fb6/621d8b0423efcf970828205e_unsplash-image-2-license-gym-x-sewatech-template.jpg]
[assets.website-files.com/621d8b0423efcfa5ba281fb6/621d8b0423efcfdce628205f_unsplash-image-3-license-gym-x-sewatech-template.jpg]
[assets.website-files.com/621d8b0423efcfa5ba281fb6/621d8b0423efcf4c8f282055_pexels-image-1-license-gym-x-sewatech-template.jpg]
[assets.website-files.com/621d8b0423efcfa5ba281fb6/621d8b0423efcf043f28205a_pexels-image-2-license-gym-x-sewatech-template-1.jpg]
[assets.website-files.com/621d8b0423efcfa5ba281fb6/621d8b0423efcfa96b282060_pexels-image-2-license-gym-x-sewatech-template.jpg]
[assets.website-files.com/621d8b0423efcfa5ba281fb6/621d8b0423efcf07f4282053_freepik-image-3-license-gym-x-sewatech-template.jpg]
[assets.website-files.com/621d8b0423efcfa5ba281fb6/621d8b0423efcf7d93282051_freepik-image-1-license-gym-x-sewatech-template.jpg]
[assets.website-files.com/621d8b0423efcfa5ba281fb6/621d8b0423efcf0550282052_freepik-image-2-license-gym-x-sewatech-template.jpg]
[assets.website-files.com/621d8b0423efcfa5ba281fb6/621d8b0423efcf158d28205b_burst-image-1-license-gym-x-sewatech-template.jpg]
[assets.website-files.com/621d8b0423efcfa5ba281fb6/621d8b0423efcfd839282054_burst-image-2-license-gym-x-sewatech-template.jpg]
[assets.website-files.com/621d8b0423efcfa5ba281fb6/621d8b0423efcfd0f328205d_pixabay-license-image-gym-x-sewatech-template.jpg]
[gymfittemplate-showcase.sewatech.io/utility-pages/licenses.html]
[gymfittemplate-showcase.sewatech.io/utility-pages/changelog.html]
[gymfittemplate-showcase.sewatech.io/checkout.html]
[assets.website-files.com/621d8b0423efcfa5ba281fb6/621d8b0423efcf04bc282001_icon-1-info-home-hero-gym-x-template.svg]
[assets.website-files.com/621d8b0423efcfa5ba281fb6/621d8b0423efcf0090282002_icon-2-info-home-hero-gym-x-template.svg]
[assets.website-files.com/621d8b0423efcfa5ba281fb6/621d8b0423efcff050282003_icon-3-info-home-hero-gym-x-template.svg]
[assets.website-files.com/621d8b0423efcfa5ba281fb6/621d8b0423efcffa38282019_bg-1-big-text-gym-x-template.svg]
[assets.website-files.com/621d8b0423efcfa5ba281fb6/621d8b0423efcfb018282018_bg-2-big-text-gym-x-template.svg]
[assets.website-files.com/621d8b0423efcf4d91281fd4/621d8b0423efcfbe1d2820d9_image-2-small-trainers-gym-x-template.jpg]
[gymfittemplate-showcase.sewatech.io/class/weight-lifting.html]
[assets.website-files.com/621d8b0423efcf4d91281fd4/621d8b0423efcf153c2820dc_image-5-small-trainers-gym-x-template.jpg]
[gymfittemplate-showcase.sewatech.io/class/crossfit.html]
[assets.website-files.com/621d8b0423efcf4d91281fd4/621d8b0423efcf27bf2820db_image-4-small-trainers-gym-x-template.jpg]
[gymfittemplate-showcase.sewatech.io/class/cardio.html]
[assets.website-files.com/621d8b0423efcfa5ba281fb6/621d8b0423efcf6207282015_icon-cta-preview-gym-x-template.svg]
[assets.website-files.com/621d8b0423efcfa5ba281fb6/621d8b0423efcf4613282016_bg-3-big-text-gym-x-template.svg]
[gymfittemplate-showcase.sewatech.io/trainer/sophie-moore.html]
[gymfittemplate-showcase.sewatech.io/trainer/dan-clark.html]
[assets.website-files.com/621d8b0423efcfa5ba281fb6/621d8b0423efcffe1828201e_bg-4-big-text-gym-x-template.svg]
[gymfittemplate-showcase.sewatech.io/blog/5-tips-to-build-a-daily-movement-routine.html]
[assets.website-files.com/621d8b0423efcf4d91281fd4/621d8b0423efcff3292820d8_image-1-small-trainers-gym-x-template.jpg]
[gymfittemplate-showcase.sewatech.io/blog/why-breathwork-matters-in-your-workout.html]
[assets.website-files.com/621d8b0423efcfa5ba281fb6/621d8b0423efcff959282017_bg-5-big-text-gym-x-template.svg]
[assets.website-files.com/621d8b0423efcfa5ba281fb6/621d8b0423efcf4523282034_bg-6-big-text-gym-x-template.svg]
[assets.website-files.com/621d8b0423efcfa5ba281fb6/621d8b0423efcf1beb282033_bg-7-big-text-gym-x-template.svg]
[assets.website-files.com/621d8b0423efcfa5ba281fb6/621d8b0423efcf6d8a282032_bg-8-big-text-gym-x-template.svg]
[assets.website-files.com/621d8b0423efcfa5ba281fb6/621d8b0423efcf7d73282038_icon-1-values-gym-x-template.svg]
[assets.website-files.com/621d8b0423efcfa5ba281fb6/621d8b0423efcfbd12282024_icon-2-values-gym-x-template.svg]
[assets.website-files.com/621d8b0423efcfa5ba281fb6/621d8b0423efcf1039282037_icon-3-values-gym-x-template.svg]
[assets.website-files.com/621d8b0423efcfa5ba281fb6/621d8b0423efcf9bc6282023_icon-4-values-gym-x-template.svg]
[assets.website-files.com/621d8b0423efcfa5ba281fb6/621d8b0423efcf6fa3282035_bg-9-big-text-gym-x-template.svg]
[assets.website-files.com/621d8b0423efcfa5ba281fb6/621d8b0423efcf59e5282036_bg-10-big-text-gym-x-template.svg]
[assets.website-files.com/621d8b0423efcfa5ba281fb6/621d8b0423efcf027428202d_icon-address-location-gym-x-template.svg]
[gymfittemplate-showcase.sewatech.io/product/25lb-weights.html]
[gymfittemplate-showcase.sewatech.io/product/hand-grips.html]
[gymfittemplate-showcase.sewatech.io/product/gym-x-shaker.html]
[gymfittemplate-showcase.sewatech.io/product/skip-rope.html]
[gymfittemplate-showcase.sewatech.io/product/box-gloves.html]
[assets.website-files.com/621d8b0423efcfa5ba281fb6/621d8b0423efcf04d028203b_icon-1-details-class-gym-x-template.svg]
[assets.website-files.com/621d8b0423efcfa5ba281fb6/621d8b0423efcfb3bc28203c_icon-2-details-class-gym-x-template.svg]
[assets.website-files.com/621d8b0423efcfa5ba281fb6/621d8b0423efcf35bf28203a_icon-3-details-class-gym-x-template.svg]
[assets.website-files.com/621d8b0423efcfa5ba281fb6/621d8b0423efcf6e0428203d_icon-4-details-class-gym-x-template.svg]
[gymfittemplate-showcase.sewatech.io/blog-category/crossfit.html]
[gymfittemplate-showcase.sewatech.io/blog-category/weights.html]
[gymfittemplate-showcase.sewatech.io/blog-category/box.html]
[gymfittemplate-showcase.sewatech.io/blog/using-ropes-to-increase-your-core-strenght.html]
[gymfittemplate-showcase.sewatech.io/blog/cardio-kickboxing-workout-to-burn-fat.html]
[gymfittemplate-showcase.sewatech.io/blog/6-basic-weight-lifting-training-for-starters.html]
[gymfittemplate-showcase.sewatech.io/trainer/kathie-corl.html]
[assets.website-files.com/621d8b0423efcfa5ba281fb6/621d8b0423efcf858928204f_bg-15-big-text-gym-x-template.svg]
[assets.website-files.com/621d8b0423efcfa5ba281fb6/621d8b0423efcf09d428204d_icon-1-features-pricing-gym-x-template.svg]
[assets.website-files.com/621d8b0423efcfa5ba281fb6/621d8b0423efcf14c428204e_icon-2-features-pricing-gym-x-template.svg]
[gymfittemplate-showcase.sewatech.io/trainer/aaron-white.html]
[gymfittemplate-showcase.sewatech.io/trainer/lily-woods.html]
[assets.website-files.com/621d8b0423efcfa5ba281fb6/621d8b0423efcf7f83282064_bg-11-big-text-gym-x-template.svg]
[assets.website-files.com/621d8b0423efcfa5ba281fb6/621d8b0423efcf2939282065_bg-12-big-text-gym-x-template.svg]
[assets.website-files.com/621d8b0423efcfa5ba281fb6/621d8b0423efcf9cf9282041_icon-1-location-contact-gym-x-template.svg]
[assets.website-files.com/621d8b0423efcfa5ba281fb6/621d8b0423efcf4e5a282066_bg-13-big-text-gym-x-template.svg]
[assets.website-files.com/621d8b0423efcfa5ba281fb6/621d8b0423efcf232d28204c_bg-14-big-text-gym-x-template.svg]
[assets.website-files.com/621d8b0423efcfa5ba281fb6/621d8b0423efcf287f282067_bg-15-big-text-gym-x-template.svg]
[assets.website-files.com/621d8b0423efcfa5ba281fb6/621d8b0423efcfe177282047_icon-1-social-media-gym-x-template.svg]
[assets.website-files.com/621d8b0423efcfa5ba281fb6/621d8b0423efcfc337282049_icon-2-social-media-gym-x-template.svg]
[assets.website-files.com/621d8b0423efcfa5ba281fb6/621d8b0423efcfdcf5282048_icon-3-social-media-gym-x-template.svg]
[assets.website-files.com/621d8b0423efcfa5ba281fb6/621d8b0423efcf775728204b_icon-4-social-media-gym-x-template.svg]
[assets.website-files.com/621d8b0423efcfa5ba281fb6/621d8b0423efcf085d28204a_icon-5-social-media-gym-x-template.svg]
[assets.website-files.com/621d8b0423efcfa5ba281fb6/621d8b0423efcfbc5b282046_icon-6-social-media-gym-x-template.svg]
[assets.website-files.com/621d8b0423efcfa5ba281fb6/621d8b0423efcf3779281ff6_colors-icon.svg]
[assets.website-files.com/621d8b0423efcfa5ba281fb6/621d8b0423efcfba16281fe1_typography-icon.svg]
[assets.website-files.com/621d8b0423efcfa5ba281fb6/621d8b0423efcf0c8a281ff7_icons-icon.svg]
[assets.website-files.com/621d8b0423efcfa5ba281fb6/621d8b0423efcf5c1c281ff9_button-icon.svg]
[assets.website-files.com/621d8b0423efcfa5ba281fb6/621d8b0423efcf5e4d281ff8_card-icon.svg]
